============================= test session starts ==============================
platform darwin -- Python 3.13.3, pytest-9.0.3, pluggy-1.6.0 -- /Users/liu/Desktop/FYP-In-Cabin-Driver-Assessment--1/.venv/bin/python
cachedir: .pytest_cache
rootdir: /Users/liu/Desktop/FYP-In-Cabin-Driver-Assessment--1/backend
plugins: anyio-4.13.0
collecting ... collected 1 item

tests/test_api.py::test_full_crud_and_fusion PASSED                      [100%]

=============================== warnings summary ===============================
../.venv/lib/python3.13/site-packages/fastapi/testclient.py:1
  /Users/liu/Desktop/FYP-In-Cabin-Driver-Assessment--1/.venv/lib/python3.13/site-packages/fastapi/testclient.py:1: StarletteDeprecationWarning: Using `httpx` with `starlette.testclient` is deprecated; install `httpx2` instead.
    from starlette.testclient import TestClient as TestClient  # noqa

-- Docs: https://docs.pytest.org/en/stable/how-to/capture-warnings.html
========================= 1 passed, 1 warning in 1.16s =========================
